
> vue-fastapi-admin-web@0.0.0 dev /opt/vue-fastapi-admin/web
> vite


 WARN  [unocss] exclude option is deprecated, use content.pipeline.exclude instead.


  VITE v4.5.3  ready in 918 ms

  ➜  Local:   http://localhost:3100/
  ➜  Network: http://172.26.148.122:3100/
11:41:44 AM [vite] page reload src/router/routes/index.js
11:42:32 AM [vite] page reload src/router/routes/index.js
11:43:01 AM [vite] page reload src/router/routes/index.js
11:44:17 AM [vite] page reload src/router/routes/index.js
 ELIFECYCLE  Command failed.

> vue-fastapi-admin-web@0.0.0 dev /opt/vue-fastapi-admin/web
> vite


 WARN  [unocss] exclude option is deprecated, use content.pipeline.exclude instead.


  VITE v4.5.3  ready in 1027 ms

  ➜  Local:   http://localhost:3100/
  ➜  Network: http://172.26.148.122:3100/
12:00:42 PM [vite] hmr update /src/views/curd/index.vue
12:00:42 PM [vite] ✨ new dependencies optimized: xlsx
12:00:42 PM [vite] ✨ optimized dependencies changed. reloading
12:04:14 PM [vite] hmr update /src/views/curd/index.vue
12:15:19 PM [vite] hmr update /src/views/curd/index.vue
1:45:26 PM [vite] page reload src/views/business/summary/index.vue
1:46:59 PM [vite] page reload src/views/business/total/index.vue
1:46:59 PM [vite] page reload src/views/business/summary/index.vue
3:12:33 AM [vite] page reload src/router/routes/index.js
3:16:13 AM [vite] page reload src/api/index.js
3:22:14 AM [vite] page reload src/router/routes/index.js
3:24:11 AM [vite] page reload src/router/routes/index.js
3:27:19 AM [vite] page reload src/router/routes/index.js
3:34:42 AM [vite] hmr update /src/views/business/total/index.vue
3:36:26 AM [vite] hmr update /src/views/business/total/index.vue
3:41:13 AM [vite] hmr update /src/components/table/CrudModal.vue
3:43:18 AM [vite] page reload src/router/routes/index.js
3:43:42 AM [vite] page reload src/router/routes/index.js
9:20:53 AM [vite] hmr update /src/views/system/user/index.vue, /src/views/system/menu/index.vue, /src/views/system/api/index.vue, /src/views/curd/index.vue, /src/views/system/role/index.vue, /src/views/business/total/index.vue, /src/views/system/dept/index.vue
9:24:11 AM [vite] hmr update /src/views/system/user/index.vue, /src/views/system/menu/index.vue, /src/views/system/api/index.vue, /src/views/curd/index.vue, /src/views/system/role/index.vue, /src/views/business/total/index.vue, /src/views/system/dept/index.vue
9:29:50 AM [vite] hmr update /src/views/system/user/index.vue, /src/views/system/menu/index.vue, /src/views/system/api/index.vue, /src/views/curd/index.vue, /src/views/system/role/index.vue, /src/views/business/total/index.vue, /src/views/system/dept/index.vue
9:34:16 AM [vite] hmr update /src/views/business/total/index.vue
